{"numFailedTestSuites":0,"numFailedTests":0,"numPassedTestSuites":1,"numPassedTests":5,"numPendingTestSuites":0,"numPendingTests":0,"numRuntimeErrorTestSuites":0,"numTodoTests":0,"numTotalTestSuites":1,"numTotalTests":5,"openHandles":[],"snapshot":{"added":0,"didUpdate":false,"failure":false,"filesAdded":0,"filesRemoved":0,"filesRemovedList":[],"filesUnmatched":0,"filesUpdated":0,"matched":0,"total":0,"unchecked":0,"uncheckedKeysByFile":[],"unmatched":0,"updated":0},"startTime":1637517838561,"success":true,"testResults":[{"assertionResults":[{"ancestorTitles":["components/display/Avatar/Image"],"failureMessages":[],"fullName":"components/display/Avatar/Image renders the image we specify in the `image` property","location":null,"status":"passed","title":"renders the image we specify in the `image` property"},{"ancestorTitles":["components/display/Avatar/Image"],"failureMessages":[],"fullName":"components/display/Avatar/Image renders the image we specify in the `hash` property","location":null,"status":"passed","title":"renders the image we specify in the `hash` property"},{"ancestorTitles":["components/display/Avatar/Image"],"failureMessages":[],"fullName":"components/display/Avatar/Image renders the image in small size","location":null,"status":"passed","title":"renders the image in small size"},{"ancestorTitles":["components/display/Avatar/Image"],"failureMessages":[],"fullName":"components/display/Avatar/Image renders the image in medium size","location":null,"status":"passed","title":"renders the image in medium size"},{"ancestorTitles":["components/display/Avatar/Image"],"failureMessages":[],"fullName":"components/display/Avatar/Image renders the image in large size","location":null,"status":"passed","title":"renders the image in large size"}],"endTime":1637517840665,"message":"","name":"C:\\Users\\German\\Documents\\Desarrollo\\Zignaly\\react-component-library\\src\\components\\display\\Avatar\\index.test.js","startTime":1637517839102,"status":"passed","summary":""}],"wasInterrupted":false}