{"numFailedTestSuites":0,"numFailedTests":0,"numPassedTestSuites":2,"numPassedTests":7,"numPendingTestSuites":0,"numPendingTests":0,"numRuntimeErrorTestSuites":0,"numTodoTests":0,"numTotalTestSuites":2,"numTotalTests":7,"openHandles":[],"snapshot":{"added":0,"didUpdate":true,"failure":false,"filesAdded":0,"filesRemoved":0,"filesRemovedList":[],"filesUnmatched":0,"filesUpdated":0,"matched":1,"total":1,"unchecked":2,"uncheckedKeysByFile":[{"filePath":"/Users/dogoodpeople/workspace/zignaly-ui/src/components/inputs/Button/buttonNormal.test.tsx","keys":["inputs/Button stories should render NormalButton and check use props 1","inputs/Button stories should render NormalButton checks caption 1"]}],"unmatched":0,"updated":0},"startTime":1652189469774,"success":true,"testResults":[{"assertionResults":[{"ancestorTitles":["components/display/CoinIcon","stories"],"failureMessages":[],"fullName":"components/display/CoinIcon stories should render image and checks use props","location":null,"status":"passed","title":"should render image and checks use props"},{"ancestorTitles":["components/display/CoinIcon","stories"],"failureMessages":[],"fullName":"components/display/CoinIcon stories should render EtherCoinIconStory","location":null,"status":"passed","title":"should render EtherCoinIconStory"},{"ancestorTitles":["components/display/CoinIcon","stories"],"failureMessages":[],"fullName":"components/display/CoinIcon stories should render BitcoinCoinIconStory","location":null,"status":"passed","title":"should render BitcoinCoinIconStory"},{"ancestorTitles":["components/display/CoinIcon","stories"],"failureMessages":[],"fullName":"components/display/CoinIcon stories should render TetherCoinIconStory","location":null,"status":"passed","title":"should render TetherCoinIconStory"}],"endTime":1652189470717,"message":"","name":"/Users/dogoodpeople/workspace/zignaly-ui/src/components/display/CoinIcon/coinIcon.test.tsx","startTime":1652189470127,"status":"passed","summary":""},{"assertionResults":[{"ancestorTitles":["inputs/Button","stories"],"failureMessages":[],"fullName":"inputs/Button stories should render NormalButton checks props and styles","location":null,"status":"passed","title":"should render NormalButton checks props and styles"},{"ancestorTitles":["inputs/Button","stories"],"failureMessages":[],"fullName":"inputs/Button stories should render NormalButton checks caption","location":null,"status":"passed","title":"should render NormalButton checks caption"},{"ancestorTitles":["inputs/Button","stories"],"failureMessages":[],"fullName":"inputs/Button stories should render NormalButton checks color attr","location":null,"status":"passed","title":"should render NormalButton checks color attr"}],"endTime":1652189470777,"message":"","name":"/Users/dogoodpeople/workspace/zignaly-ui/src/components/inputs/Button/buttonNormal.test.tsx","startTime":1652189470127,"status":"passed","summary":""}],"wasInterrupted":false}